# JRE version: OpenJDK Runtime Environment Temurin-17.0.7+7 (17.0.7+7) (build 17.0.7+7)
# Java VM: OpenJDK 64-Bit Server VM Temurin-17.0.7+7 (17.0.7+7, mixed mode, tiered, compressed oops, compressed class ptrs, parallel gc, windows-amd64)
GC Precious Log:
 CPUs: 4 total, 4 available
 Memory: 8150M
 Large Page Support: Disabled
 NUMA Support: Disabled
 Compressed Oops: Enabled (32-bit)
 Alignments: Space 512K, Generation 512K, Heap 2M
 Heap Min Capacity: 100M
 Heap Initial Capacity: 100M
 Heap Max Capacity: 1G
 Pre-touch: Disabled
 Parallel Workers: 4
Heap:
 PSYoungGen      total 9728K, used 2117K [0x00000000eab00000, 0x00000000eb800000, 0x0000000100000000)
  eden space 8704K, 22% used [0x00000000eab00000,0x00000000eace9600,0x00000000eb380000)
  from space 1024K, 15% used [0x00000000eb600000,0x00000000eb628000,0x00000000eb700000)
  to   space 512K, 0% used [0x00000000eb780000,0x00000000eb780000,0x00000000eb800000)
 ParOldGen       total 105984K, used 73959K [0x00000000c0000000, 0x00000000c6780000, 0x00000000eab00000)
  object space 105984K, 69% used [0x00000000c0000000,0x00000000c4839f70,0x00000000c6780000)
 Metaspace       used 62526K, committed 63424K, reserved 1114112K
  class space    used 6655K, committed 7040K, reserved 1048576K
GC Heap History (20 events):
Event: 17.287 GC heap before
{Heap before GC invocations=37 (full 4):
 PSYoungGen      total 9216K, used 8736K [0x00000000eab00000, 0x00000000ec000000, 0x0000000100000000)
  eden space 5120K, 100% used [0x00000000eab00000,0x00000000eb000000,0x00000000eb000000)
  from space 4096K, 88% used [0x00000000eb000000,0x00000000eb388000,0x00000000eb400000)
  to   space 7168K, 0% used [0x00000000eb900000,0x00000000eb900000,0x00000000ec000000)
 ParOldGen       total 99328K, used 74137K [0x00000000c0000000, 0x00000000c6100000, 0x00000000eab00000)
  object space 99328K, 74% used [0x00000000c0000000,0x00000000c4866458,0x00000000c6100000)
 Metaspace       used 62088K, committed 62976K, reserved 1114112K
  class space    used 6595K, committed 6976K, reserved 1048576K
}
Event: 17.293 GC heap after
{Heap after GC invocations=37 (full 4):
 PSYoungGen      total 9216K, used 3648K [0x00000000eab00000, 0x00000000ebd00000, 0x0000000100000000)
  eden space 5120K, 0% used [0x00000000eab00000,0x00000000eab00000,0x00000000eb000000)
  from space 4096K, 89% used [0x00000000eb900000,0x00000000ebc90000,0x00000000ebd00000)
  to   space 4608K, 0% used [0x00000000eb400000,0x00000000eb400000,0x00000000eb880000)
 ParOldGen       total 99328K, used 77705K [0x00000000c0000000, 0x00000000c6100000, 0x00000000eab00000)
  object space 99328K, 78% used [0x00000000c0000000,0x00000000c4be2458,0x00000000c6100000)
 Metaspace       used 62088K, committed 62976K, reserved 1114112K
  class space    used 6595K, committed 6976K, reserved 1048576K
}
Event: 17.305 GC heap before
{Heap before GC invocations=38 (full 4):
 PSYoungGen      total 9216K, used 8768K [0x00000000eab00000, 0x00000000ebd00000, 0x0000000100000000)
  eden space 5120K, 100% used [0x00000000eab00000,0x00000000eb000000,0x00000000eb000000)
  from space 4096K, 89% used [0x00000000eb900000,0x00000000ebc90000,0x00000000ebd00000)
  to   space 4608K, 0% used [0x00000000eb400000,0x00000000eb400000,0x00000000eb880000)
 ParOldGen       total 99328K, used 77705K [0x00000000c0000000, 0x00000000c6100000, 0x00000000eab00000)
  object space 99328K, 78% used [0x00000000c0000000,0x00000000c4be2458,0x00000000c6100000)
 Metaspace       used 62088K, committed 62976K, reserved 1114112K
  class space    used 6595K, committed 6976K, reserved 1048576K
}
Event: 17.311 GC heap after
{Heap after GC invocations=38 (full 4):
 PSYoungGen      total 10752K, used 3616K [0x00000000eab00000, 0x00000000eb980000, 0x0000000100000000)
  eden space 6656K, 0% used [0x00000000eab00000,0x00000000eab00000,0x00000000eb180000)
  from space 4096K, 88% used [0x00000000eb400000,0x00000000eb788000,0x00000000eb800000)
  to   space 1536K, 0% used [0x00000000eb800000,0x00000000eb800000,0x00000000eb980000)
 ParOldGen       total 99328K, used 81345K [0x00000000c0000000, 0x00000000c6100000, 0x00000000eab00000)
  object space 99328K, 81% used [0x00000000c0000000,0x00000000c4f70458,0x00000000c6100000)
 Metaspace       used 62088K, committed 62976K, reserved 1114112K
  class space    used 6595K, committed 6976K, reserved 1048576K
}
Event: 17.324 GC heap before
{Heap before GC invocations=39 (full 4):
 PSYoungGen      total 10752K, used 10272K [0x00000000eab00000, 0x00000000eb980000, 0x0000000100000000)
  eden space 6656K, 100% used [0x00000000eab00000,0x00000000eb180000,0x00000000eb180000)
  from space 4096K, 88% used [0x00000000eb400000,0x00000000eb788000,0x00000000eb800000)
  to   space 1536K, 0% used [0x00000000eb800000,0x00000000eb800000,0x00000000eb980000)
 ParOldGen       total 99328K, used 81345K [0x00000000c0000000, 0x00000000c6100000, 0x00000000eab00000)
  object space 99328K, 81% used [0x00000000c0000000,0x00000000c4f70458,0x00000000c6100000)
 Metaspace       used 62088K, committed 62976K, reserved 1114112K
  class space    used 6595K, committed 6976K, reserved 1048576K
}
Event: 17.333 GC heap after
{Heap after GC invocations=39 (full 4):
 PSYoungGen      total 5632K, used 1536K [0x00000000eab00000, 0x00000000ec580000, 0x0000000100000000)
  eden space 4096K, 0% used [0x00000000eab00000,0x00000000eab00000,0x00000000eaf00000)
  from space 1536K, 100% used [0x00000000eb800000,0x00000000eb980000,0x00000000eb980000)
  to   space 9216K, 0% used [0x00000000eaf00000,0x00000000eaf00000,0x00000000eb800000)
 ParOldGen       total 99328K, used 88041K [0x00000000c0000000, 0x00000000c6100000, 0x00000000eab00000)
  object space 99328K, 88% used [0x00000000c0000000,0x00000000c55fa458,0x00000000c6100000)
 Metaspace       used 62088K, committed 62976K, reserved 1114112K
  class space    used 6595K, committed 6976K, reserved 1048576K
}
Event: 17.342 GC heap before
{Heap before GC invocations=40 (full 4):
 PSYoungGen      total 5632K, used 5632K [0x00000000eab00000, 0x00000000ec580000, 0x0000000100000000)
  eden space 4096K, 100% used [0x00000000eab00000,0x00000000eaf00000,0x00000000eaf00000)
  from space 1536K, 100% used [0x00000000eb800000,0x00000000eb980000,0x00000000eb980000)
  to   space 9216K, 0% used [0x00000000eaf00000,0x00000000eaf00000,0x00000000eb800000)
 ParOldGen       total 99328K, used 88041K [0x00000000c0000000, 0x00000000c6100000, 0x00000000eab00000)
  object space 99328K, 88% used [0x00000000c0000000,0x00000000c55fa458,0x00000000c6100000)
 Metaspace       used 62088K, committed 62976K, reserved 1114112K
  class space    used 6595K, committed 6976K, reserved 1048576K
}
Event: 17.345 GC heap after
{Heap after GC invocations=40 (full 4):
 PSYoungGen      total 7168K, used 2944K [0x00000000eab00000, 0x00000000eba00000, 0x0000000100000000)
  eden space 4096K, 0% used [0x00000000eab00000,0x00000000eab00000,0x00000000eaf00000)
  from space 3072K, 95% used [0x00000000eaf00000,0x00000000eb1e0000,0x00000000eb200000)
  to   space 5120K, 0% used [0x00000000eb500000,0x00000000eb500000,0x00000000eba00000)
 ParOldGen       total 99328K, used 89593K [0x00000000c0000000, 0x00000000c6100000, 0x00000000eab00000)
  object space 99328K, 90% used [0x00000000c0000000,0x00000000c577e458,0x00000000c6100000)
 Metaspace       used 62088K, committed 62976K, reserved 1114112K
  class space    used 6595K, committed 6976K, reserved 1048576K
}
Event: 17.353 GC heap before
{Heap before GC invocations=41 (full 4):
 PSYoungGen      total 7168K, used 7040K [0x00000000eab00000, 0x00000000eba00000, 0x0000000100000000)
  eden space 4096K, 100% used [0x00000000eab00000,0x00000000eaf00000,0x00000000eaf00000)
  from space 3072K, 95% used [0x00000000eaf00000,0x00000000eb1e0000,0x00000000eb200000)
  to   space 5120K, 0% used [0x00000000eb500000,0x00000000eb500000,0x00000000eba00000)
 ParOldGen       total 99328K, used 89593K [0x00000000c0000000, 0x00000000c6100000, 0x00000000eab00000)
  object space 99328K, 90% used [0x00000000c0000000,0x00000000c577e458,0x00000000c6100000)
 Metaspace       used 62088K, committed 62976K, reserved 1114112K
  class space    used 6595K, committed 6976K, reserved 1048576K
}
Event: 17.357 GC heap after
{Heap after GC invocations=41 (full 4):
 PSYoungGen      total 8192K, used 2848K [0x00000000eab00000, 0x00000000eb800000, 0x0000000100000000)
  eden space 5120K, 0% used [0x00000000eab00000,0x00000000eab00000,0x00000000eb000000)
  from space 3072K, 92% used [0x00000000eb500000,0x00000000eb7c8000,0x00000000eb800000)
  to   space 3584K, 0% used [0x00000000eb100000,0x00000000eb100000,0x00000000eb480000)
 ParOldGen       total 99328K, used 92497K [0x00000000c0000000, 0x00000000c6100000, 0x00000000eab00000)
  object space 99328K, 93% used [0x00000000c0000000,0x00000000c5a54458,0x00000000c6100000)
 Metaspace       used 62088K, committed 62976K, reserved 1114112K
  class space    used 6595K, committed 6976K, reserved 1048576K
}
Event: 17.370 GC heap before
{Heap before GC invocations=42 (full 4):
 PSYoungGen      total 8192K, used 7968K [0x00000000eab00000, 0x00000000eb800000, 0x0000000100000000)
  eden space 5120K, 100% used [0x00000000eab00000,0x00000000eb000000,0x00000000eb000000)
  from space 3072K, 92% used [0x00000000eb500000,0x00000000eb7c8000,0x00000000eb800000)
  to   space 3584K, 0% used [0x00000000eb100000,0x00000000eb100000,0x00000000eb480000)
 ParOldGen       total 99328K, used 92497K [0x00000000c0000000, 0x00000000c6100000, 0x00000000eab00000)
  object space 99328K, 93% used [0x00000000c0000000,0x00000000c5a54458,0x00000000c6100000)
 Metaspace       used 62088K, committed 62976K, reserved 1114112K
  class space    used 6595K, committed 6976K, reserved 1048576K
}
Event: 17.375 GC heap after
{Heap after GC invocations=42 (full 4):
 PSYoungGen      total 9728K, used 3584K [0x00000000eab00000, 0x00000000ebf80000, 0x0000000100000000)
  eden space 6144K, 0% used [0x00000000eab00000,0x00000000eab00000,0x00000000eb100000)
  from space 3584K, 100% used [0x00000000eb100000,0x00000000eb480000,0x00000000eb480000)
  to   space 7168K, 0% used [0x00000000eb880000,0x00000000eb880000,0x00000000ebf80000)
 ParOldGen       total 99328K, used 95369K [0x00000000c0000000, 0x00000000c6100000, 0x00000000eab00000)
  object space 99328K, 96% used [0x00000000c0000000,0x00000000c5d22458,0x00000000c6100000)
 Metaspace       used 62088K, committed 62976K, reserved 1114112K
  class space    used 6595K, committed 6976K, reserved 1048576K
}
Event: 19.718 GC heap before
{Heap before GC invocations=43 (full 4):
 PSYoungGen      total 9728K, used 9728K [0x00000000eab00000, 0x00000000ebf80000, 0x0000000100000000)
  eden space 6144K, 100% used [0x00000000eab00000,0x00000000eb100000,0x00000000eb100000)
  from space 3584K, 100% used [0x00000000eb100000,0x00000000eb480000,0x00000000eb480000)
  to   space 7168K, 0% used [0x00000000eb880000,0x00000000eb880000,0x00000000ebf80000)
 ParOldGen       total 99328K, used 95369K [0x00000000c0000000, 0x00000000c6100000, 0x00000000eab00000)
  object space 99328K, 96% used [0x00000000c0000000,0x00000000c5d22458,0x00000000c6100000)
 Metaspace       used 62195K, committed 63232K, reserved 1114112K
  class space    used 6601K, committed 7040K, reserved 1048576K
}
Event: 19.722 GC heap after
{Heap after GC invocations=43 (full 4):
 PSYoungGen      total 8704K, used 576K [0x00000000eab00000, 0x00000000eb980000, 0x0000000100000000)
  eden space 7680K, 0% used [0x00000000eab00000,0x00000000eab00000,0x00000000eb280000)
  from space 1024K, 56% used [0x00000000eb880000,0x00000000eb910000,0x00000000eb980000)
  to   space 3072K, 0% used [0x00000000eb380000,0x00000000eb380000,0x00000000eb680000)
 ParOldGen       total 99328K, used 98961K [0x00000000c0000000, 0x00000000c6100000, 0x00000000eab00000)
  object space 99328K, 99% used [0x00000000c0000000,0x00000000c60a4458,0x00000000c6100000)
 Metaspace       used 62195K, committed 63232K, reserved 1114112K
  class space    used 6601K, committed 7040K, reserved 1048576K
}
Event: 19.722 GC heap before
{Heap before GC invocations=44 (full 5):
 PSYoungGen      total 8704K, used 576K [0x00000000eab00000, 0x00000000eb980000, 0x0000000100000000)
  eden space 7680K, 0% used [0x00000000eab00000,0x00000000eab00000,0x00000000eb280000)
  from space 1024K, 56% used [0x00000000eb880000,0x00000000eb910000,0x00000000eb980000)
  to   space 3072K, 0% used [0x00000000eb380000,0x00000000eb380000,0x00000000eb680000)
 ParOldGen       total 99328K, used 98961K [0x00000000c0000000, 0x00000000c6100000, 0x00000000eab00000)
  object space 99328K, 99% used [0x00000000c0000000,0x00000000c60a4458,0x00000000c6100000)
 Metaspace       used 62195K, committed 63232K, reserved 1114112K
  class space    used 6601K, committed 7040K, reserved 1048576K
}
Event: 19.805 GC heap after
{Heap after GC invocations=44 (full 5):
 PSYoungGen      total 11776K, used 0K [0x00000000eab00000, 0x00000000eba80000, 0x0000000100000000)
  eden space 8704K, 0% used [0x00000000eab00000,0x00000000eab00000,0x00000000eb380000)
  from space 3072K, 0% used [0x00000000eb380000,0x00000000eb380000,0x00000000eb680000)
  to   space 3072K, 0% used [0x00000000eb780000,0x00000000eb780000,0x00000000eba80000)
 ParOldGen       total 105984K, used 73927K [0x00000000c0000000, 0x00000000c6780000, 0x00000000eab00000)
  object space 105984K, 69% used [0x00000000c0000000,0x00000000c4831f70,0x00000000c6780000)
 Metaspace       used 62195K, committed 63232K, reserved 1114112K
  class space    used 6601K, committed 7040K, reserved 1048576K
}
Event: 24.527 GC heap before
{Heap before GC invocations=45 (full 5):
 PSYoungGen      total 11776K, used 8704K [0x00000000eab00000, 0x00000000eba80000, 0x0000000100000000)
  eden space 8704K, 100% used [0x00000000eab00000,0x00000000eb380000,0x00000000eb380000)
  from space 3072K, 0% used [0x00000000eb380000,0x00000000eb380000,0x00000000eb680000)
  to   space 3072K, 0% used [0x00000000eb780000,0x00000000eb780000,0x00000000eba80000)
 ParOldGen       total 105984K, used 73927K [0x00000000c0000000, 0x00000000c6780000, 0x00000000eab00000)
  object space 105984K, 69% used [0x00000000c0000000,0x00000000c4831f70,0x00000000c6780000)
 Metaspace       used 62258K, committed 63232K, reserved 1114112K
  class space    used 6603K, committed 7040K, reserved 1048576K
}
Event: 24.528 GC heap after
{Heap after GC invocations=45 (full 5):
 PSYoungGen      total 9216K, used 128K [0x00000000eab00000, 0x00000000eb800000, 0x0000000100000000)
  eden space 8704K, 0% used [0x00000000eab00000,0x00000000eab00000,0x00000000eb380000)
  from space 512K, 25% used [0x00000000eb780000,0x00000000eb7a0000,0x00000000eb800000)
  to   space 1024K, 0% used [0x00000000eb600000,0x00000000eb600000,0x00000000eb700000)
 ParOldGen       total 105984K, used 73935K [0x00000000c0000000, 0x00000000c6780000, 0x00000000eab00000)
  object space 105984K, 69% used [0x00000000c0000000,0x00000000c4833f70,0x00000000c6780000)
 Metaspace       used 62258K, committed 63232K, reserved 1114112K
  class space    used 6603K, committed 7040K, reserved 1048576K
}
Event: 37.307 GC heap before
{Heap before GC invocations=46 (full 5):
 PSYoungGen      total 9216K, used 8829K [0x00000000eab00000, 0x00000000eb800000, 0x0000000100000000)
  eden space 8704K, 99% used [0x00000000eab00000,0x00000000eb37f710,0x00000000eb380000)
  from space 512K, 25% used [0x00000000eb780000,0x00000000eb7a0000,0x00000000eb800000)
  to   space 1024K, 0% used [0x00000000eb600000,0x00000000eb600000,0x00000000eb700000)
 ParOldGen       total 105984K, used 73935K [0x00000000c0000000, 0x00000000c6780000, 0x00000000eab00000)
  object space 105984K, 69% used [0x00000000c0000000,0x00000000c4833f70,0x00000000c6780000)
 Metaspace       used 62459K, committed 63424K, reserved 1114112K
  class space    used 6641K, committed 7040K, reserved 1048576K
}
Event: 37.308 GC heap after
{Heap after GC invocations=46 (full 5):
 PSYoungGen      total 9728K, used 160K [0x00000000eab00000, 0x00000000eb800000, 0x0000000100000000)
  eden space 8704K, 0% used [0x00000000eab00000,0x00000000eab00000,0x00000000eb380000)
  from space 1024K, 15% used [0x00000000eb600000,0x00000000eb628000,0x00000000eb700000)
  to   space 512K, 0% used [0x00000000eb780000,0x00000000eb780000,0x00000000eb800000)
 ParOldGen       total 105984K, used 73959K [0x00000000c0000000, 0x00000000c6780000, 0x00000000eab00000)
  object space 105984K, 69% used [0x00000000c0000000,0x00000000c4839f70,0x00000000c6780000)
 Metaspace       used 62459K, committed 63424K, reserved 1114112K
  class space    used 6641K, committed 7040K, reserved 1048576K
}

