# JRE version: OpenJDK Runtime Environment Temurin-17.0.7+7 (17.0.7+7) (build 17.0.7+7)
# Java VM: OpenJDK 64-Bit Server VM Temurin-17.0.7+7 (17.0.7+7, mixed mode, tiered, compressed oops, compressed class ptrs, parallel gc, windows-amd64)
GC Precious Log:
 CPUs: 4 total, 4 available
 Memory: 8150M
 Large Page Support: Disabled
 NUMA Support: Disabled
 Compressed Oops: Enabled (32-bit)
 Alignments: Space 512K, Generation 512K, Heap 2M
 Heap Min Capacity: 100M
 Heap Initial Capacity: 100M
 Heap Max Capacity: 1G
 Pre-touch: Disabled
 Parallel Workers: 4
Heap:
 PSYoungGen      total 19968K, used 17250K [0x00000000eab00000, 0x00000000ec700000, 0x0000000100000000)
  eden space 17408K, 84% used [0x00000000eab00000,0x00000000eb9607c0,0x00000000ebc00000)
  from space 2560K, 98% used [0x00000000ec080000,0x00000000ec2f8148,0x00000000ec300000)
  to   space 4608K, 0% used [0x00000000ebc00000,0x00000000ebc00000,0x00000000ec080000)
 ParOldGen       total 68608K, used 35735K [0x00000000c0000000, 0x00000000c4300000, 0x00000000eab00000)
  object space 68608K, 52% used [0x00000000c0000000,0x00000000c22e5fc8,0x00000000c4300000)
 Metaspace       used 63335K, committed 64320K, reserved 1114112K
  class space    used 6760K, committed 7168K, reserved 1048576K
GC Heap History (20 events):
Event: 7.139 GC heap before
{Heap before GC invocations=22 (full 2):
 PSYoungGen      total 21504K, used 21344K [0x00000000eab00000, 0x00000000ec200000, 0x0000000100000000)
  eden space 19456K, 100% used [0x00000000eab00000,0x00000000ebe00000,0x00000000ebe00000)
  from space 2048K, 92% used [0x00000000ebe00000,0x00000000ebfd8010,0x00000000ec000000)
  to   space 2048K, 0% used [0x00000000ec000000,0x00000000ec000000,0x00000000ec200000)
 ParOldGen       total 68608K, used 26892K [0x00000000c0000000, 0x00000000c4300000, 0x00000000eab00000)
  object space 68608K, 39% used [0x00000000c0000000,0x00000000c1a43310,0x00000000c4300000)
 Metaspace       used 49261K, committed 50112K, reserved 1114112K
  class space    used 5337K, committed 5696K, reserved 1048576K
}
Event: 7.142 GC heap after
{Heap after GC invocations=22 (full 2):
 PSYoungGen      total 21504K, used 1809K [0x00000000eab00000, 0x00000000ec200000, 0x0000000100000000)
  eden space 19456K, 0% used [0x00000000eab00000,0x00000000eab00000,0x00000000ebe00000)
  from space 2048K, 88% used [0x00000000ec000000,0x00000000ec1c46a0,0x00000000ec200000)
  to   space 2048K, 0% used [0x00000000ebe00000,0x00000000ebe00000,0x00000000ec000000)
 ParOldGen       total 68608K, used 28730K [0x00000000c0000000, 0x00000000c4300000, 0x00000000eab00000)
  object space 68608K, 41% used [0x00000000c0000000,0x00000000c1c0eba0,0x00000000c4300000)
 Metaspace       used 49261K, committed 50112K, reserved 1114112K
  class space    used 5337K, committed 5696K, reserved 1048576K
}
Event: 7.637 GC heap before
{Heap before GC invocations=23 (full 2):
 PSYoungGen      total 21504K, used 21265K [0x00000000eab00000, 0x00000000ec200000, 0x0000000100000000)
  eden space 19456K, 100% used [0x00000000eab00000,0x00000000ebe00000,0x00000000ebe00000)
  from space 2048K, 88% used [0x00000000ec000000,0x00000000ec1c46a0,0x00000000ec200000)
  to   space 2048K, 0% used [0x00000000ebe00000,0x00000000ebe00000,0x00000000ec000000)
 ParOldGen       total 68608K, used 28730K [0x00000000c0000000, 0x00000000c4300000, 0x00000000eab00000)
  object space 68608K, 41% used [0x00000000c0000000,0x00000000c1c0eba0,0x00000000c4300000)
 Metaspace       used 50923K, committed 51776K, reserved 1114112K
  class space    used 5565K, committed 5952K, reserved 1048576K
}
Event: 7.639 GC heap after
{Heap after GC invocations=23 (full 2):
 PSYoungGen      total 20480K, used 696K [0x00000000eab00000, 0x00000000ec100000, 0x0000000100000000)
  eden space 19456K, 0% used [0x00000000eab00000,0x00000000eab00000,0x00000000ebe00000)
  from space 1024K, 67% used [0x00000000ebe00000,0x00000000ebeae098,0x00000000ebf00000)
  to   space 1536K, 0% used [0x00000000ebf80000,0x00000000ebf80000,0x00000000ec100000)
 ParOldGen       total 68608K, used 30471K [0x00000000c0000000, 0x00000000c4300000, 0x00000000eab00000)
  object space 68608K, 44% used [0x00000000c0000000,0x00000000c1dc1dc8,0x00000000c4300000)
 Metaspace       used 50923K, committed 51776K, reserved 1114112K
  class space    used 5565K, committed 5952K, reserved 1048576K
}
Event: 7.979 GC heap before
{Heap before GC invocations=24 (full 2):
 PSYoungGen      total 20480K, used 20152K [0x00000000eab00000, 0x00000000ec100000, 0x0000000100000000)
  eden space 19456K, 100% used [0x00000000eab00000,0x00000000ebe00000,0x00000000ebe00000)
  from space 1024K, 67% used [0x00000000ebe00000,0x00000000ebeae098,0x00000000ebf00000)
  to   space 1536K, 0% used [0x00000000ebf80000,0x00000000ebf80000,0x00000000ec100000)
 ParOldGen       total 68608K, used 30471K [0x00000000c0000000, 0x00000000c4300000, 0x00000000eab00000)
  object space 68608K, 44% used [0x00000000c0000000,0x00000000c1dc1dc8,0x00000000c4300000)
 Metaspace       used 52341K, committed 53248K, reserved 1114112K
  class space    used 5682K, committed 6080K, reserved 1048576K
}
Event: 7.981 GC heap after
{Heap after GC invocations=24 (full 2):
 PSYoungGen      total 20992K, used 1196K [0x00000000eab00000, 0x00000000ec100000, 0x0000000100000000)
  eden space 19456K, 0% used [0x00000000eab00000,0x00000000eab00000,0x00000000ebe00000)
  from space 1536K, 77% used [0x00000000ebf80000,0x00000000ec0ab190,0x00000000ec100000)
  to   space 1536K, 0% used [0x00000000ebe00000,0x00000000ebe00000,0x00000000ebf80000)
 ParOldGen       total 68608K, used 31066K [0x00000000c0000000, 0x00000000c4300000, 0x00000000eab00000)
  object space 68608K, 45% used [0x00000000c0000000,0x00000000c1e56958,0x00000000c4300000)
 Metaspace       used 52341K, committed 53248K, reserved 1114112K
  class space    used 5682K, committed 6080K, reserved 1048576K
}
Event: 8.065 GC heap before
{Heap before GC invocations=25 (full 2):
 PSYoungGen      total 20992K, used 20652K [0x00000000eab00000, 0x00000000ec100000, 0x0000000100000000)
  eden space 19456K, 100% used [0x00000000eab00000,0x00000000ebe00000,0x00000000ebe00000)
  from space 1536K, 77% used [0x00000000ebf80000,0x00000000ec0ab190,0x00000000ec100000)
  to   space 1536K, 0% used [0x00000000ebe00000,0x00000000ebe00000,0x00000000ebf80000)
 ParOldGen       total 68608K, used 31066K [0x00000000c0000000, 0x00000000c4300000, 0x00000000eab00000)
  object space 68608K, 45% used [0x00000000c0000000,0x00000000c1e56958,0x00000000c4300000)
 Metaspace       used 52367K, committed 53248K, reserved 1114112K
  class space    used 5682K, committed 6080K, reserved 1048576K
}
Event: 8.066 GC heap after
{Heap after GC invocations=25 (full 2):
 PSYoungGen      total 20480K, used 527K [0x00000000eab00000, 0x00000000ec000000, 0x0000000100000000)
  eden space 19456K, 0% used [0x00000000eab00000,0x00000000eab00000,0x00000000ebe00000)
  from space 1024K, 51% used [0x00000000ebe00000,0x00000000ebe83da8,0x00000000ebf00000)
  to   space 1024K, 0% used [0x00000000ebf00000,0x00000000ebf00000,0x00000000ec000000)
 ParOldGen       total 68608K, used 31644K [0x00000000c0000000, 0x00000000c4300000, 0x00000000eab00000)
  object space 68608K, 46% used [0x00000000c0000000,0x00000000c1ee7258,0x00000000c4300000)
 Metaspace       used 52367K, committed 53248K, reserved 1114112K
  class space    used 5682K, committed 6080K, reserved 1048576K
}
Event: 8.450 GC heap before
{Heap before GC invocations=26 (full 2):
 PSYoungGen      total 20480K, used 19973K [0x00000000eab00000, 0x00000000ec000000, 0x0000000100000000)
  eden space 19456K, 99% used [0x00000000eab00000,0x00000000ebdfd808,0x00000000ebe00000)
  from space 1024K, 51% used [0x00000000ebe00000,0x00000000ebe83da8,0x00000000ebf00000)
  to   space 1024K, 0% used [0x00000000ebf00000,0x00000000ebf00000,0x00000000ec000000)
 ParOldGen       total 68608K, used 31644K [0x00000000c0000000, 0x00000000c4300000, 0x00000000eab00000)
  object space 68608K, 46% used [0x00000000c0000000,0x00000000c1ee7258,0x00000000c4300000)
 Metaspace       used 54440K, committed 55360K, reserved 1114112K
  class space    used 5865K, committed 6272K, reserved 1048576K
}
Event: 8.453 GC heap after
{Heap after GC invocations=26 (full 2):
 PSYoungGen      total 20480K, used 460K [0x00000000eab00000, 0x00000000ec000000, 0x0000000100000000)
  eden space 19456K, 0% used [0x00000000eab00000,0x00000000eab00000,0x00000000ebe00000)
  from space 1024K, 44% used [0x00000000ebf00000,0x00000000ebf73310,0x00000000ec000000)
  to   space 1024K, 0% used [0x00000000ebe00000,0x00000000ebe00000,0x00000000ebf00000)
 ParOldGen       total 68608K, used 31668K [0x00000000c0000000, 0x00000000c4300000, 0x00000000eab00000)
  object space 68608K, 46% used [0x00000000c0000000,0x00000000c1eed258,0x00000000c4300000)
 Metaspace       used 54440K, committed 55360K, reserved 1114112K
  class space    used 5865K, committed 6272K, reserved 1048576K
}
Event: 8.990 GC heap before
{Heap before GC invocations=27 (full 2):
 PSYoungGen      total 20480K, used 19916K [0x00000000eab00000, 0x00000000ec000000, 0x0000000100000000)
  eden space 19456K, 99% used [0x00000000eab00000,0x00000000ebdfffe8,0x00000000ebe00000)
  from space 1024K, 44% used [0x00000000ebf00000,0x00000000ebf73310,0x00000000ec000000)
  to   space 1024K, 0% used [0x00000000ebe00000,0x00000000ebe00000,0x00000000ebf00000)
 ParOldGen       total 68608K, used 31668K [0x00000000c0000000, 0x00000000c4300000, 0x00000000eab00000)
  object space 68608K, 46% used [0x00000000c0000000,0x00000000c1eed258,0x00000000c4300000)
 Metaspace       used 57350K, committed 58304K, reserved 1114112K
  class space    used 6185K, committed 6592K, reserved 1048576K
}
Event: 8.992 GC heap after
{Heap after GC invocations=27 (full 2):
 PSYoungGen      total 20480K, used 1011K [0x00000000eab00000, 0x00000000ec200000, 0x0000000100000000)
  eden space 19456K, 0% used [0x00000000eab00000,0x00000000eab00000,0x00000000ebe00000)
  from space 1024K, 98% used [0x00000000ebe00000,0x00000000ebefcfc0,0x00000000ebf00000)
  to   space 2048K, 0% used [0x00000000ec000000,0x00000000ec000000,0x00000000ec200000)
 ParOldGen       total 68608K, used 32166K [0x00000000c0000000, 0x00000000c4300000, 0x00000000eab00000)
  object space 68608K, 46% used [0x00000000c0000000,0x00000000c1f69878,0x00000000c4300000)
 Metaspace       used 57350K, committed 58304K, reserved 1114112K
  class space    used 6185K, committed 6592K, reserved 1048576K
}
Event: 9.381 GC heap before
{Heap before GC invocations=28 (full 2):
 PSYoungGen      total 20480K, used 13298K [0x00000000eab00000, 0x00000000ec200000, 0x0000000100000000)
  eden space 19456K, 63% used [0x00000000eab00000,0x00000000eb6ff8e8,0x00000000ebe00000)
  from space 1024K, 98% used [0x00000000ebe00000,0x00000000ebefcfc0,0x00000000ebf00000)
  to   space 2048K, 0% used [0x00000000ec000000,0x00000000ec000000,0x00000000ec200000)
 ParOldGen       total 68608K, used 32166K [0x00000000c0000000, 0x00000000c4300000, 0x00000000eab00000)
  object space 68608K, 46% used [0x00000000c0000000,0x00000000c1f69878,0x00000000c4300000)
 Metaspace       used 58836K, committed 59776K, reserved 1114112K
  class space    used 6320K, committed 6720K, reserved 1048576K
}
Event: 9.383 GC heap after
{Heap after GC invocations=28 (full 2):
 PSYoungGen      total 20992K, used 1339K [0x00000000eab00000, 0x00000000ec180000, 0x0000000100000000)
  eden space 19456K, 0% used [0x00000000eab00000,0x00000000eab00000,0x00000000ebe00000)
  from space 1536K, 87% used [0x00000000ec000000,0x00000000ec14ee70,0x00000000ec180000)
  to   space 1536K, 0% used [0x00000000ebe80000,0x00000000ebe80000,0x00000000ec000000)
 ParOldGen       total 68608K, used 33168K [0x00000000c0000000, 0x00000000c4300000, 0x00000000eab00000)
  object space 68608K, 48% used [0x00000000c0000000,0x00000000c2064260,0x00000000c4300000)
 Metaspace       used 58836K, committed 59776K, reserved 1114112K
  class space    used 6320K, committed 6720K, reserved 1048576K
}
Event: 9.383 GC heap before
{Heap before GC invocations=29 (full 3):
 PSYoungGen      total 20992K, used 1339K [0x00000000eab00000, 0x00000000ec180000, 0x0000000100000000)
  eden space 19456K, 0% used [0x00000000eab00000,0x00000000eab00000,0x00000000ebe00000)
  from space 1536K, 87% used [0x00000000ec000000,0x00000000ec14ee70,0x00000000ec180000)
  to   space 1536K, 0% used [0x00000000ebe80000,0x00000000ebe80000,0x00000000ec000000)
 ParOldGen       total 68608K, used 33168K [0x00000000c0000000, 0x00000000c4300000, 0x00000000eab00000)
  object space 68608K, 48% used [0x00000000c0000000,0x00000000c2064260,0x00000000c4300000)
 Metaspace       used 58836K, committed 59776K, reserved 1114112K
  class space    used 6320K, committed 6720K, reserved 1048576K
}
Event: 9.464 GC heap after
{Heap after GC invocations=29 (full 3):
 PSYoungGen      total 20992K, used 0K [0x00000000eab00000, 0x00000000ec180000, 0x0000000100000000)
  eden space 19456K, 0% used [0x00000000eab00000,0x00000000eab00000,0x00000000ebe00000)
  from space 1536K, 0% used [0x00000000ec000000,0x00000000ec000000,0x00000000ec180000)
  to   space 1536K, 0% used [0x00000000ebe80000,0x00000000ebe80000,0x00000000ec000000)
 ParOldGen       total 68608K, used 32445K [0x00000000c0000000, 0x00000000c4300000, 0x00000000eab00000)
  object space 68608K, 47% used [0x00000000c0000000,0x00000000c1faf658,0x00000000c4300000)
 Metaspace       used 58836K, committed 59776K, reserved 1114112K
  class space    used 6320K, committed 6720K, reserved 1048576K
}
Event: 9.899 GC heap before
{Heap before GC invocations=30 (full 3):
 PSYoungGen      total 20992K, used 18965K [0x00000000eab00000, 0x00000000ec180000, 0x0000000100000000)
  eden space 19456K, 97% used [0x00000000eab00000,0x00000000ebd857c8,0x00000000ebe00000)
  from space 1536K, 0% used [0x00000000ec000000,0x00000000ec000000,0x00000000ec180000)
  to   space 1536K, 0% used [0x00000000ebe80000,0x00000000ebe80000,0x00000000ec000000)
 ParOldGen       total 68608K, used 33894K [0x00000000c0000000, 0x00000000c4300000, 0x00000000eab00000)
  object space 68608K, 49% used [0x00000000c0000000,0x00000000c2119b88,0x00000000c4300000)
 Metaspace       used 60188K, committed 61184K, reserved 1114112K
  class space    used 6438K, committed 6848K, reserved 1048576K
}
Event: 9.900 GC heap after
{Heap after GC invocations=30 (full 3):
 PSYoungGen      total 20992K, used 1521K [0x00000000eab00000, 0x00000000ec300000, 0x0000000100000000)
  eden space 19456K, 0% used [0x00000000eab00000,0x00000000eab00000,0x00000000ebe00000)
  from space 1536K, 99% used [0x00000000ebe80000,0x00000000ebffc4c0,0x00000000ec000000)
  to   space 2560K, 0% used [0x00000000ec080000,0x00000000ec080000,0x00000000ec300000)
 ParOldGen       total 68608K, used 34365K [0x00000000c0000000, 0x00000000c4300000, 0x00000000eab00000)
  object space 68608K, 50% used [0x00000000c0000000,0x00000000c218f5e8,0x00000000c4300000)
 Metaspace       used 60188K, committed 61184K, reserved 1114112K
  class space    used 6438K, committed 6848K, reserved 1048576K
}
Event: 53.345 GC heap before
{Heap before GC invocations=31 (full 3):
 PSYoungGen      total 20992K, used 20977K [0x00000000eab00000, 0x00000000ec300000, 0x0000000100000000)
  eden space 19456K, 100% used [0x00000000eab00000,0x00000000ebe00000,0x00000000ebe00000)
  from space 1536K, 99% used [0x00000000ebe80000,0x00000000ebffc4c0,0x00000000ec000000)
  to   space 2560K, 0% used [0x00000000ec080000,0x00000000ec080000,0x00000000ec300000)
 ParOldGen       total 68608K, used 34367K [0x00000000c0000000, 0x00000000c4300000, 0x00000000eab00000)
  object space 68608K, 50% used [0x00000000c0000000,0x00000000c218fdd8,0x00000000c4300000)
 Metaspace       used 61951K, committed 62912K, reserved 1114112K
  class space    used 6592K, committed 6976K, reserved 1048576K
}
Event: 53.348 GC heap after
{Heap after GC invocations=31 (full 3):
 PSYoungGen      total 19968K, used 2528K [0x00000000eab00000, 0x00000000ec700000, 0x0000000100000000)
  eden space 17408K, 0% used [0x00000000eab00000,0x00000000eab00000,0x00000000ebc00000)
  from space 2560K, 98% used [0x00000000ec080000,0x00000000ec2f8148,0x00000000ec300000)
  to   space 4608K, 0% used [0x00000000ebc00000,0x00000000ebc00000,0x00000000ec080000)
 ParOldGen       total 68608K, used 35735K [0x00000000c0000000, 0x00000000c4300000, 0x00000000eab00000)
  object space 68608K, 52% used [0x00000000c0000000,0x00000000c22e5fc8,0x00000000c4300000)
 Metaspace       used 61951K, committed 62912K, reserved 1114112K
  class space    used 6592K, committed 6976K, reserved 1048576K
}

